2020-04-22 09:05:03 -

***************************
APPLICATION FAILED TO START
***************************

Description:

Failed to configure a DataSource: 'url' attribute is not specified and no embedded datasource could be configured.

Reason: Failed to determine a suitable driver class


Action:

Consider the following:
	If you want an embedded database (H2, HSQL or Derby), please put it on the classpath.
	If you have database settings to be loaded from a particular profile you may need to activate it (no profiles are currently active).

2020-04-22 09:05:10 -Failed to start component [Connector[HTTP/1.1-8080]]
org.apache.catalina.LifecycleException: Protocol handler start failed
	at org.apache.catalina.connector.Connector.startInternal(Connector.java:1008)
	at org.apache.catalina.util.LifecycleBase.start(LifecycleBase.java:183)
	at org.apache.catalina.core.StandardService.addConnector(StandardService.java:226)
	at org.springframework.boot.web.embedded.tomcat.TomcatWebServer.addPreviouslyRemovedConnectors(TomcatWebServer.java:259)
	at org.springframework.boot.web.embedded.tomcat.TomcatWebServer.start(TomcatWebServer.java:197)
	at org.springframework.boot.web.servlet.context.ServletWebServerApplicationContext.startWebServer(ServletWebServerApplicationContext.java:311)
	at org.springframework.boot.web.servlet.context.ServletWebServerApplicationContext.finishRefresh(ServletWebServerApplicationContext.java:164)
	at org.springframework.context.support.AbstractApplicationContext.refresh(AbstractApplicationContext.java:552)
	at org.springframework.boot.web.servlet.context.ServletWebServerApplicationContext.refresh(ServletWebServerApplicationContext.java:142)
	at org.springframework.boot.SpringApplication.refresh(SpringApplication.java:775)
	at org.springframework.boot.SpringApplication.refreshContext(SpringApplication.java:397)
	at org.springframework.boot.SpringApplication.run(SpringApplication.java:316)
	at org.springframework.boot.SpringApplication.run(SpringApplication.java:1260)
	at org.springframework.boot.SpringApplication.run(SpringApplication.java:1248)
	at com.example.consumer.ConsumerApplication.main(ConsumerApplication.java:14)
Caused by: java.net.BindException: Address already in use
	at sun.nio.ch.Net.bind0(Native Method)
	at sun.nio.ch.Net.bind(Net.java:433)
	at sun.nio.ch.Net.bind(Net.java:425)
	at sun.nio.ch.ServerSocketChannelImpl.bind(ServerSocketChannelImpl.java:223)
	at sun.nio.ch.ServerSocketAdaptor.bind(ServerSocketAdaptor.java:74)
	at org.apache.tomcat.util.net.NioEndpoint.initServerSocket(NioEndpoint.java:236)
	at org.apache.tomcat.util.net.NioEndpoint.bind(NioEndpoint.java:210)
	at org.apache.tomcat.util.net.AbstractEndpoint.bindWithCleanup(AbstractEndpoint.java:1085)
	at org.apache.tomcat.util.net.AbstractEndpoint.start(AbstractEndpoint.java:1171)
	at org.apache.coyote.AbstractProtocol.start(AbstractProtocol.java:568)
	at org.apache.catalina.connector.Connector.startInternal(Connector.java:1005)
	... 14 common frames omitted
2020-04-22 09:05:10 -

***************************
APPLICATION FAILED TO START
***************************

Description:

The Tomcat connector configured to listen on port 8080 failed to start. The port may already be in use or the connector may be misconfigured.

Action:

Verify the connector's configuration, identify and stop any process that's listening on port 8080, or configure this application to listen on another port.

2020-04-22 09:05:31 -

***************************
APPLICATION FAILED TO START
***************************

Description:

Failed to configure a DataSource: 'url' attribute is not specified and no embedded datasource could be configured.

Reason: Failed to determine a suitable driver class


Action:

Consider the following:
	If you want an embedded database (H2, HSQL or Derby), please put it on the classpath.
	If you have database settings to be loaded from a particular profile you may need to activate it (no profiles are currently active).

2020-04-22 09:05:58 -

***************************
APPLICATION FAILED TO START
***************************

Description:

Failed to configure a DataSource: 'url' attribute is not specified and no embedded datasource could be configured.

Reason: Failed to determine a suitable driver class


Action:

Consider the following:
	If you want an embedded database (H2, HSQL or Derby), please put it on the classpath.
	If you have database settings to be loaded from a particular profile you may need to activate it (no profiles are currently active).

2020-04-22 09:07:41 -

***************************
APPLICATION FAILED TO START
***************************

Description:

Failed to configure a DataSource: 'url' attribute is not specified and no embedded datasource could be configured.

Reason: Failed to determine a suitable driver class


Action:

Consider the following:
	If you want an embedded database (H2, HSQL or Derby), please put it on the classpath.
	If you have database settings to be loaded from a particular profile you may need to activate it (no profiles are currently active).

2020-04-22 09:09:17 -

***************************
APPLICATION FAILED TO START
***************************

Description:

Failed to configure a DataSource: 'url' attribute is not specified and no embedded datasource could be configured.

Reason: Failed to determine a suitable driver class


Action:

Consider the following:
	If you want an embedded database (H2, HSQL or Derby), please put it on the classpath.
	If you have database settings to be loaded from a particular profile you may need to activate it (no profiles are currently active).

2020-04-22 09:13:42 -Failed to start component [Connector[HTTP/1.1-8080]]
org.apache.catalina.LifecycleException: Protocol handler start failed
	at org.apache.catalina.connector.Connector.startInternal(Connector.java:1008)
	at org.apache.catalina.util.LifecycleBase.start(LifecycleBase.java:183)
	at org.apache.catalina.core.StandardService.addConnector(StandardService.java:226)
	at org.springframework.boot.web.embedded.tomcat.TomcatWebServer.addPreviouslyRemovedConnectors(TomcatWebServer.java:259)
	at org.springframework.boot.web.embedded.tomcat.TomcatWebServer.start(TomcatWebServer.java:197)
	at org.springframework.boot.web.servlet.context.ServletWebServerApplicationContext.startWebServer(ServletWebServerApplicationContext.java:311)
	at org.springframework.boot.web.servlet.context.ServletWebServerApplicationContext.finishRefresh(ServletWebServerApplicationContext.java:164)
	at org.springframework.context.support.AbstractApplicationContext.refresh(AbstractApplicationContext.java:552)
	at org.springframework.boot.web.servlet.context.ServletWebServerApplicationContext.refresh(ServletWebServerApplicationContext.java:142)
	at org.springframework.boot.SpringApplication.refresh(SpringApplication.java:775)
	at org.springframework.boot.SpringApplication.refreshContext(SpringApplication.java:397)
	at org.springframework.boot.SpringApplication.run(SpringApplication.java:316)
	at org.springframework.boot.SpringApplication.run(SpringApplication.java:1260)
	at org.springframework.boot.SpringApplication.run(SpringApplication.java:1248)
	at com.example.consumer.ConsumerApplication.main(ConsumerApplication.java:14)
Caused by: java.net.BindException: Address already in use
	at sun.nio.ch.Net.bind0(Native Method)
	at sun.nio.ch.Net.bind(Net.java:433)
	at sun.nio.ch.Net.bind(Net.java:425)
	at sun.nio.ch.ServerSocketChannelImpl.bind(ServerSocketChannelImpl.java:223)
	at sun.nio.ch.ServerSocketAdaptor.bind(ServerSocketAdaptor.java:74)
	at org.apache.tomcat.util.net.NioEndpoint.initServerSocket(NioEndpoint.java:236)
	at org.apache.tomcat.util.net.NioEndpoint.bind(NioEndpoint.java:210)
	at org.apache.tomcat.util.net.AbstractEndpoint.bindWithCleanup(AbstractEndpoint.java:1085)
	at org.apache.tomcat.util.net.AbstractEndpoint.start(AbstractEndpoint.java:1171)
	at org.apache.coyote.AbstractProtocol.start(AbstractProtocol.java:568)
	at org.apache.catalina.connector.Connector.startInternal(Connector.java:1005)
	... 14 common frames omitted
2020-04-22 09:13:42 -

***************************
APPLICATION FAILED TO START
***************************

Description:

The Tomcat connector configured to listen on port 8080 failed to start. The port may already be in use or the connector may be misconfigured.

Action:

Verify the connector's configuration, identify and stop any process that's listening on port 8080, or configure this application to listen on another port.

2020-04-22 09:14:41 -No active profile set, falling back to default profiles: default
2020-04-22 09:14:42 -Endpoint ID 'nacos-discovery' contains invalid characters, please migrate to a valid format.
2020-04-22 09:14:42 -Endpoint ID 'service-registry' contains invalid characters, please migrate to a valid format.
2020-04-22 09:14:42 -BeanFactory id=8b0d7cd3-15cf-35d5-8118-28d9286ad6e5
2020-04-22 09:14:42 -Bean 'com.example.consumer.feign.UserFeignService' of type [org.springframework.cloud.openfeign.FeignClientFactoryBean] is not eligible for getting processed by all BeanPostProcessors (for example: not eligible for auto-proxying)
2020-04-22 09:14:42 -Bean 'org.springframework.cloud.autoconfigure.ConfigurationPropertiesRebinderAutoConfiguration' of type [org.springframework.cloud.autoconfigure.ConfigurationPropertiesRebinderAutoConfiguration$$EnhancerBySpringCGLIB$$efb3243] is not eligible for getting processed by all BeanPostProcessors (for example: not eligible for auto-proxying)
2020-04-22 09:14:42 -Tomcat initialized with port(s): 9095 (http)
2020-04-22 09:14:42 -Initializing ProtocolHandler ["http-nio-9095"]
2020-04-22 09:14:42 -Starting service [Tomcat]
2020-04-22 09:14:42 -Starting Servlet engine: [Apache Tomcat/9.0.16]
2020-04-22 09:14:42 -The APR based Apache Tomcat Native library which allows optimal performance in production environments was not found on the java.library.path: [/Users/yang/Library/Java/Extensions:/Library/Java/Extensions:/Network/Library/Java/Extensions:/System/Library/Java/Extensions:/usr/lib/java:.]
2020-04-22 09:14:42 -Initializing Spring embedded WebApplicationContext
2020-04-22 09:14:42 -Root WebApplicationContext: initialization completed in 1083 ms
2020-04-22 09:14:43 -No URLs will be polled as dynamic configuration sources.
2020-04-22 09:14:43 -To enable URLs as dynamic configuration sources, define System property archaius.configurationSource.additionalUrls or make config.properties available on classpath.
2020-04-22 09:14:43 -No URLs will be polled as dynamic configuration sources.
2020-04-22 09:14:43 -To enable URLs as dynamic configuration sources, define System property archaius.configurationSource.additionalUrls or make config.properties available on classpath.
2020-04-22 09:14:43 -Initializing ExecutorService 'applicationTaskExecutor'
2020-04-22 09:14:43 -Initializing ExecutorService
2020-04-22 09:14:43 -Exposing 2 endpoint(s) beneath base path '/actuator'
2020-04-22 09:14:43 -Starting ProtocolHandler ["http-nio-9095"]
2020-04-22 09:14:43 -Tomcat started on port(s): 9095 (http) with context path ''
2020-04-22 09:14:44 -nacos registry, alibaba-cloud-consumer 192.168.199.125:9095 register finished
2020-04-22 09:14:44 -Started ConsumerApplication in 3.181 seconds (JVM running for 3.72)
2020-04-22 09:14:44 -Initializing Spring DispatcherServlet 'dispatcherServlet'
2020-04-22 09:14:44 -Initializing Servlet 'dispatcherServlet'
2020-04-22 09:14:44 -Completed initialization in 7 ms
2020-04-22 09:14:55 -The following profiles are active: dev
2020-04-22 09:14:55 -BeanFactory id=05427765-2919-34f3-9f2d-d20638feede0
2020-04-22 09:14:55 -Bean 'org.springframework.cloud.autoconfigure.ConfigurationPropertiesRebinderAutoConfiguration' of type [org.springframework.cloud.autoconfigure.ConfigurationPropertiesRebinderAutoConfiguration$$EnhancerBySpringCGLIB$$f1f8c67] is not eligible for getting processed by all BeanPostProcessors (for example: not eligible for auto-proxying)
2020-04-22 09:14:56 -Bean 'org.springframework.transaction.annotation.ProxyTransactionManagementConfiguration' of type [org.springframework.transaction.annotation.ProxyTransactionManagementConfiguration$$EnhancerBySpringCGLIB$$f305896a] is not eligible for getting processed by all BeanPostProcessors (for example: not eligible for auto-proxying)
2020-04-22 09:14:56 -Tomcat initialized with port(s): 9090 (http)
2020-04-22 09:14:56 -Initializing ProtocolHandler ["http-nio-9090"]
2020-04-22 09:14:56 -Starting service [Tomcat]
2020-04-22 09:14:56 -Starting Servlet engine: [Apache Tomcat/9.0.16]
2020-04-22 09:14:56 -The APR based Apache Tomcat Native library which allows optimal performance in production environments was not found on the java.library.path: [/Users/yang/Library/Java/Extensions:/Library/Java/Extensions:/Network/Library/Java/Extensions:/System/Library/Java/Extensions:/usr/lib/java:.]
2020-04-22 09:14:56 -Initializing Spring embedded WebApplicationContext
2020-04-22 09:14:56 -Root WebApplicationContext: initialization completed in 1022 ms
2020-04-22 09:14:56 -No URLs will be polled as dynamic configuration sources.
2020-04-22 09:14:56 -To enable URLs as dynamic configuration sources, define System property archaius.configurationSource.additionalUrls or make config.properties available on classpath.
2020-04-22 09:14:56 -No URLs will be polled as dynamic configuration sources.
2020-04-22 09:14:56 -To enable URLs as dynamic configuration sources, define System property archaius.configurationSource.additionalUrls or make config.properties available on classpath.
2020-04-22 09:14:57 -Initializing ExecutorService 'applicationTaskExecutor'
2020-04-22 09:14:57 -Initializing ExecutorService
2020-04-22 09:14:57 -Clear tk.mybatis.mapper.util.MsUtil CLASS_CACHE cache.
2020-04-22 09:14:57 -Clear tk.mybatis.mapper.genid.GenIdUtil CACHE cache.
2020-04-22 09:14:57 -Clear tk.mybatis.mapper.version.VersionUtil CACHE cache.
2020-04-22 09:14:57 -Clear EntityHelper entityTableMap cache.
2020-04-22 09:14:57 -Starting ProtocolHandler ["http-nio-9090"]
2020-04-22 09:14:57 -Tomcat started on port(s): 9090 (http) with context path ''
2020-04-22 09:14:57 -nacos registry, alibaba-cloud-provider 192.168.199.125:9090 register finished
2020-04-22 09:14:57 -Started ProviderApplication in 3.261 seconds (JVM running for 4.434)
2020-04-22 09:15:01 -De-registering from Nacos Server now...
2020-04-22 09:15:01 -De-registration finished.
2020-04-22 09:15:01 -Shutting down ExecutorService 'applicationTaskExecutor'
2020-04-22 09:15:03 -De-registering from Nacos Server now...
2020-04-22 09:15:03 -De-registration finished.
2020-04-22 09:15:03 -Shutting down ExecutorService 'applicationTaskExecutor'
2020-04-22 09:23:30 -The following profiles are active: dev
2020-04-22 09:23:31 -BeanFactory id=05427765-2919-34f3-9f2d-d20638feede0
2020-04-22 09:23:31 -Bean 'org.springframework.cloud.autoconfigure.ConfigurationPropertiesRebinderAutoConfiguration' of type [org.springframework.cloud.autoconfigure.ConfigurationPropertiesRebinderAutoConfiguration$$EnhancerBySpringCGLIB$$16185eb] is not eligible for getting processed by all BeanPostProcessors (for example: not eligible for auto-proxying)
2020-04-22 09:23:31 -Bean 'org.springframework.transaction.annotation.ProxyTransactionManagementConfiguration' of type [org.springframework.transaction.annotation.ProxyTransactionManagementConfiguration$$EnhancerBySpringCGLIB$$e54782ee] is not eligible for getting processed by all BeanPostProcessors (for example: not eligible for auto-proxying)
2020-04-22 09:23:31 -Tomcat initialized with port(s): 9090 (http)
2020-04-22 09:23:31 -Initializing ProtocolHandler ["http-nio-9090"]
2020-04-22 09:23:31 -Starting service [Tomcat]
2020-04-22 09:23:31 -Starting Servlet engine: [Apache Tomcat/9.0.16]
2020-04-22 09:23:31 -The APR based Apache Tomcat Native library which allows optimal performance in production environments was not found on the java.library.path: [/Users/yang/Library/Java/Extensions:/Library/Java/Extensions:/Network/Library/Java/Extensions:/System/Library/Java/Extensions:/usr/lib/java:.]
2020-04-22 09:23:31 -Initializing Spring embedded WebApplicationContext
2020-04-22 09:23:31 -Root WebApplicationContext: initialization completed in 899 ms
2020-04-22 09:23:32 -No URLs will be polled as dynamic configuration sources.
2020-04-22 09:23:32 -To enable URLs as dynamic configuration sources, define System property archaius.configurationSource.additionalUrls or make config.properties available on classpath.
2020-04-22 09:23:32 -No URLs will be polled as dynamic configuration sources.
2020-04-22 09:23:32 -To enable URLs as dynamic configuration sources, define System property archaius.configurationSource.additionalUrls or make config.properties available on classpath.
2020-04-22 09:23:32 -Initializing ExecutorService 'applicationTaskExecutor'
2020-04-22 09:23:32 -Initializing ExecutorService
2020-04-22 09:23:32 -Clear tk.mybatis.mapper.util.MsUtil CLASS_CACHE cache.
2020-04-22 09:23:32 -Clear tk.mybatis.mapper.genid.GenIdUtil CACHE cache.
2020-04-22 09:23:32 -Clear tk.mybatis.mapper.version.VersionUtil CACHE cache.
2020-04-22 09:23:32 -Clear EntityHelper entityTableMap cache.
2020-04-22 09:23:32 -Starting ProtocolHandler ["http-nio-9090"]
2020-04-22 09:23:32 -Tomcat started on port(s): 9090 (http) with context path ''
2020-04-22 09:23:32 -nacos registry, alibaba-cloud-provider 192.168.199.125:9090 register finished
2020-04-22 09:23:32 -Started ProviderApplication in 2.786 seconds (JVM running for 3.283)
2020-04-22 09:23:39 -No active profile set, falling back to default profiles: default
2020-04-22 09:23:40 -Endpoint ID 'nacos-discovery' contains invalid characters, please migrate to a valid format.
2020-04-22 09:23:40 -Endpoint ID 'service-registry' contains invalid characters, please migrate to a valid format.
2020-04-22 09:23:40 -BeanFactory id=8b0d7cd3-15cf-35d5-8118-28d9286ad6e5
2020-04-22 09:23:40 -Bean 'com.example.consumer.feign.UserFeignService' of type [org.springframework.cloud.openfeign.FeignClientFactoryBean] is not eligible for getting processed by all BeanPostProcessors (for example: not eligible for auto-proxying)
2020-04-22 09:23:40 -Bean 'org.springframework.cloud.autoconfigure.ConfigurationPropertiesRebinderAutoConfiguration' of type [org.springframework.cloud.autoconfigure.ConfigurationPropertiesRebinderAutoConfiguration$$EnhancerBySpringCGLIB$$61cba0e2] is not eligible for getting processed by all BeanPostProcessors (for example: not eligible for auto-proxying)
2020-04-22 09:23:40 -Tomcat initialized with port(s): 9095 (http)
2020-04-22 09:23:40 -Initializing ProtocolHandler ["http-nio-9095"]
2020-04-22 09:23:40 -Starting service [Tomcat]
2020-04-22 09:23:40 -Starting Servlet engine: [Apache Tomcat/9.0.16]
2020-04-22 09:23:40 -The APR based Apache Tomcat Native library which allows optimal performance in production environments was not found on the java.library.path: [/Users/yang/Library/Java/Extensions:/Library/Java/Extensions:/Network/Library/Java/Extensions:/System/Library/Java/Extensions:/usr/lib/java:.]
2020-04-22 09:23:40 -Initializing Spring embedded WebApplicationContext
2020-04-22 09:23:40 -Root WebApplicationContext: initialization completed in 1081 ms
2020-04-22 09:23:41 -No URLs will be polled as dynamic configuration sources.
2020-04-22 09:23:41 -To enable URLs as dynamic configuration sources, define System property archaius.configurationSource.additionalUrls or make config.properties available on classpath.
2020-04-22 09:23:41 -No URLs will be polled as dynamic configuration sources.
2020-04-22 09:23:41 -To enable URLs as dynamic configuration sources, define System property archaius.configurationSource.additionalUrls or make config.properties available on classpath.
2020-04-22 09:23:41 -Initializing ExecutorService 'applicationTaskExecutor'
2020-04-22 09:23:41 -Initializing ExecutorService
2020-04-22 09:23:41 -Exposing 2 endpoint(s) beneath base path '/actuator'
2020-04-22 09:23:41 -Starting ProtocolHandler ["http-nio-9095"]
2020-04-22 09:23:41 -Tomcat started on port(s): 9095 (http) with context path ''
2020-04-22 09:23:41 -nacos registry, alibaba-cloud-consumer 192.168.199.125:9095 register finished
2020-04-22 09:23:41 -Started ConsumerApplication in 3.073 seconds (JVM running for 3.581)
2020-04-22 09:23:41 -Initializing Spring DispatcherServlet 'dispatcherServlet'
2020-04-22 09:23:41 -Initializing Servlet 'dispatcherServlet'
2020-04-22 09:23:41 -Completed initialization in 5 ms
2020-04-22 09:23:58 -Flipping property: alibaba-cloud-provider.ribbon.ActiveConnectionsLimit to use NEXT property: niws.loadbalancer.availabilityFilteringRule.activeConnectionsLimit = 2147483647
2020-04-22 09:23:58 -Client: alibaba-cloud-provider instantiated a LoadBalancer: DynamicServerListLoadBalancer:{NFLoadBalancer:name=alibaba-cloud-provider,current list of Servers=[],Load balancer stats=Zone stats: {},Server stats: []}ServerList:null
2020-04-22 09:23:58 -Using serverListUpdater PollingServerListUpdater
2020-04-22 09:23:58 -Flipping property: alibaba-cloud-provider.ribbon.ActiveConnectionsLimit to use NEXT property: niws.loadbalancer.availabilityFilteringRule.activeConnectionsLimit = 2147483647
2020-04-22 09:23:58 -DynamicServerListLoadBalancer for client alibaba-cloud-provider initialized: DynamicServerListLoadBalancer:{NFLoadBalancer:name=alibaba-cloud-provider,current list of Servers=[192.168.199.125:9090],Load balancer stats=Zone stats: {unknown=[Zone:unknown;	Instance count:1;	Active connections count: 0;	Circuit breaker tripped count: 0;	Active connections per server: 0.0;]
},Server stats: [[Server:192.168.199.125:9090;	Zone:UNKNOWN;	Total Requests:0;	Successive connection failure:0;	Total blackout seconds:0;	Last connection made:Thu Jan 01 08:00:00 CST 1970;	First connection made: Thu Jan 01 08:00:00 CST 1970;	Active Connections:0;	total failure count in last (1000) msecs:0;	average resp time:0.0;	90 percentile resp time:0.0;	95 percentile resp time:0.0;	min resp time:0.0;	max resp time:0.0;	stddev resp time:0.0]
]}ServerList:org.springframework.cloud.alibaba.nacos.ribbon.NacosServerList@46eab3d7
2020-04-22 09:23:58 -Initializing Spring DispatcherServlet 'dispatcherServlet'
2020-04-22 09:23:58 -Initializing Servlet 'dispatcherServlet'
2020-04-22 09:23:58 -Completed initialization in 8 ms
2020-04-22 09:23:58 -HikariPool-1 - Starting...
2020-04-22 09:23:58 -Registered driver with driverClassName=com.mysql.jdbc.Driver was not found, trying direct instantiation.
2020-04-22 09:23:58 -HikariPool-1 - Start completed.
2020-04-22 09:23:59 -数据查询成功！
2020-04-22 09:23:59 -Flipping property: alibaba-cloud-provider.ribbon.ActiveConnectionsLimit to use NEXT property: niws.loadbalancer.availabilityFilteringRule.activeConnectionsLimit = 2147483647
2020-04-22 09:38:38 -De-registering from Nacos Server now...
2020-04-22 09:38:38 -De-registration finished.
2020-04-22 09:38:38 -Shutting down ExecutorService 'applicationTaskExecutor'
2020-04-22 09:38:38 -HikariPool-1 - Shutdown initiated...
2020-04-22 09:38:38 -HikariPool-1 - Shutdown completed.
2020-04-22 09:38:39 -Shutting down the Executor Pool for PollingServerListUpdater
2020-04-22 09:38:39 -De-registering from Nacos Server now...
2020-04-22 09:38:39 -De-registration finished.
2020-04-22 09:38:39 -Shutting down ExecutorService 'applicationTaskExecutor'
